<?xml version="1.0" encoding="UTF-8"?>
<!-- Generated by org.testng.reporters.JUnitXMLReporter -->
<testsuite ignored="10" hostname="DESKTOP-ERB8SG3" failures="3" tests="20" name="Regression" time="113.168" errors="0" timestamp="2023-05-07T07:51:08 EET">
  <testcase classname="testClasses.TestBase" name="@AfterTest CloseDriver" time="0.175">
    <failure type="org.openqa.selenium.NoSuchSessionException" message="invalid session id
Build info: version: &amp;apos;3.141.59&amp;apos;, revision: &amp;apos;e82be7d358&amp;apos;, time: &amp;apos;2018-11-14T08:17:03&amp;apos;
System info: host: &amp;apos;DESKTOP-ERB8SG3&amp;apos;, ip: &amp;apos;192.168.1.106&amp;apos;, os.name: &amp;apos;Windows 10&amp;apos;, os.arch: &amp;apos;amd64&amp;apos;, os.version: &amp;apos;10.0&amp;apos;, java.version: &amp;apos;11.0.17&amp;apos;
Driver info: org.openqa.selenium.chrome.ChromeDriver
Capabilities {acceptInsecureCerts: false, browserName: chrome, browserVersion: 112.0.5615.138, chrome: {chromedriverVersion: 112.0.5615.49 (bd2a7bcb881c..., userDataDir: C:\Users\Mostafa\AppData\Lo...}, goog:chromeOptions: {debuggerAddress: localhost:51922}, javascriptEnabled: true, networkConnectionEnabled: false, pageLoadStrategy: normal, platform: WINDOWS, platformName: WINDOWS, proxy: Proxy(), setWindowRect: true, strictFileInteractability: false, timeouts: {implicit: 0, pageLoad: 300000, script: 30000}, unhandledPromptBehavior: dismiss and notify, webauthn:extension:credBlob: true, webauthn:extension:largeBlob: true, webauthn:extension:minPinLength: true, webauthn:extension:prf: true, webauthn:virtualAuthenticators: true}
Session ID: 2164b531b8e27faa3e7f10816bd2ff3a">
      <![CDATA[org.openqa.selenium.NoSuchSessionException: invalid session id
Build info: version: '3.141.59', revision: 'e82be7d358', time: '2018-11-14T08:17:03'
System info: host: 'DESKTOP-ERB8SG3', ip: '192.168.1.106', os.name: 'Windows 10', os.arch: 'amd64', os.version: '10.0', java.version: '11.0.17'
Driver info: org.openqa.selenium.chrome.ChromeDriver
Capabilities {acceptInsecureCerts: false, browserName: chrome, browserVersion: 112.0.5615.138, chrome: {chromedriverVersion: 112.0.5615.49 (bd2a7bcb881c..., userDataDir: C:\Users\Mostafa\AppData\Lo...}, goog:chromeOptions: {debuggerAddress: localhost:51922}, javascriptEnabled: true, networkConnectionEnabled: false, pageLoadStrategy: normal, platform: WINDOWS, platformName: WINDOWS, proxy: Proxy(), setWindowRect: true, strictFileInteractability: false, timeouts: {implicit: 0, pageLoad: 300000, script: 30000}, unhandledPromptBehavior: dismiss and notify, webauthn:extension:credBlob: true, webauthn:extension:largeBlob: true, webauthn:extension:minPinLength: true, webauthn:extension:prf: true, webauthn:virtualAuthenticators: true}
Session ID: 2164b531b8e27faa3e7f10816bd2ff3a
at org.openqa.selenium.remote.http.W3CHttpResponseCodec.createException(W3CHttpResponseCodec.java:187)
at org.openqa.selenium.remote.http.W3CHttpResponseCodec.decode(W3CHttpResponseCodec.java:122)
at org.openqa.selenium.remote.http.W3CHttpResponseCodec.decode(W3CHttpResponseCodec.java:49)
at org.openqa.selenium.remote.HttpCommandExecutor.execute(HttpCommandExecutor.java:158)
at org.openqa.selenium.remote.service.DriverCommandExecutor.execute(DriverCommandExecutor.java:83)
at org.openqa.selenium.remote.RemoteWebDriver.execute(RemoteWebDriver.java:552)
at org.openqa.selenium.remote.RemoteWebDriver.execute(RemoteWebDriver.java:609)
at org.openqa.selenium.remote.RemoteWebDriver.close(RemoteWebDriver.java:442)
at testClasses.TestBase.CloseDriver(TestBase.java:39)
... Removed 28 stack frames]]>
    </failure>
  </testcase> <!-- @AfterTest CloseDriver -->
  <testcase classname="testClasses.HomeTest" name="CheckLogo" time="0.321"/>
  <testcase classname="testClasses.HomeTest" name="CheckSearchBar" time="0.069"/>
  <testcase classname="testClasses.HomeTest" name="Checkfooter" time="0.065"/>
  <testcase classname="testClasses.HomeTest" name="CheckFooter" time="0.057"/>
  <testcase classname="testClasses.SearchTest" name="ValidSearch" time="0.273"/>
  <testcase classname="testClasses.SearchTest" name="InValidSearch" time="3.189"/>
  <testcase classname="testClasses.AddProductTest" name="AddImage" time="17.334">
    <failure type="org.openqa.selenium.NoSuchElementException" message="no such element: Unable to locate element: {&amp;quot;method&amp;quot;:&amp;quot;xpath&amp;quot;,&amp;quot;selector&amp;quot;:&amp;quot;//*[@id=&amp;quot;root&amp;quot;]/div/main/div/form/div[1]/div/label/input&amp;quot;}
  (Session info: chrome=112.0.5615.138)
For documentation on this error, please visit: https://www.seleniumhq.org/exceptions/no_such_element.html
Build info: version: &amp;apos;3.141.59&amp;apos;, revision: &amp;apos;e82be7d358&amp;apos;, time: &amp;apos;2018-11-14T08:17:03&amp;apos;
System info: host: &amp;apos;DESKTOP-ERB8SG3&amp;apos;, ip: &amp;apos;192.168.1.106&amp;apos;, os.name: &amp;apos;Windows 10&amp;apos;, os.arch: &amp;apos;amd64&amp;apos;, os.version: &amp;apos;10.0&amp;apos;, java.version: &amp;apos;11.0.17&amp;apos;
Driver info: org.openqa.selenium.chrome.ChromeDriver
Capabilities {acceptInsecureCerts: false, browserName: chrome, browserVersion: 112.0.5615.138, chrome: {chromedriverVersion: 112.0.5615.49 (bd2a7bcb881c..., userDataDir: C:\Users\Mostafa\AppData\Lo...}, goog:chromeOptions: {debuggerAddress: localhost:51922}, javascriptEnabled: true, networkConnectionEnabled: false, pageLoadStrategy: normal, platform: WINDOWS, platformName: WINDOWS, proxy: Proxy(), setWindowRect: true, strictFileInteractability: false, timeouts: {implicit: 0, pageLoad: 300000, script: 30000}, unhandledPromptBehavior: dismiss and notify, webauthn:extension:credBlob: true, webauthn:extension:largeBlob: true, webauthn:extension:minPinLength: true, webauthn:extension:prf: true, webauthn:virtualAuthenticators: true}
Session ID: 2164b531b8e27faa3e7f10816bd2ff3a
*** Element info: {Using=xpath, value=//*[@id=&amp;quot;root&amp;quot;]/div/main/div/form/div[1]/div/label/input}">
      <![CDATA[org.openqa.selenium.NoSuchElementException: no such element: Unable to locate element: {"method":"xpath","selector":"//*[@id="root"]/div/main/div/form/div[1]/div/label/input"}
  (Session info: chrome=112.0.5615.138)
For documentation on this error, please visit: https://www.seleniumhq.org/exceptions/no_such_element.html
Build info: version: '3.141.59', revision: 'e82be7d358', time: '2018-11-14T08:17:03'
System info: host: 'DESKTOP-ERB8SG3', ip: '192.168.1.106', os.name: 'Windows 10', os.arch: 'amd64', os.version: '10.0', java.version: '11.0.17'
Driver info: org.openqa.selenium.chrome.ChromeDriver
Capabilities {acceptInsecureCerts: false, browserName: chrome, browserVersion: 112.0.5615.138, chrome: {chromedriverVersion: 112.0.5615.49 (bd2a7bcb881c..., userDataDir: C:\Users\Mostafa\AppData\Lo...}, goog:chromeOptions: {debuggerAddress: localhost:51922}, javascriptEnabled: true, networkConnectionEnabled: false, pageLoadStrategy: normal, platform: WINDOWS, platformName: WINDOWS, proxy: Proxy(), setWindowRect: true, strictFileInteractability: false, timeouts: {implicit: 0, pageLoad: 300000, script: 30000}, unhandledPromptBehavior: dismiss and notify, webauthn:extension:credBlob: true, webauthn:extension:largeBlob: true, webauthn:extension:minPinLength: true, webauthn:extension:prf: true, webauthn:virtualAuthenticators: true}
Session ID: 2164b531b8e27faa3e7f10816bd2ff3a
*** Element info: {Using=xpath, value=//*[@id="root"]/div/main/div/form/div[1]/div/label/input}
at org.openqa.selenium.remote.http.W3CHttpResponseCodec.createException(W3CHttpResponseCodec.java:187)
at org.openqa.selenium.remote.http.W3CHttpResponseCodec.decode(W3CHttpResponseCodec.java:122)
at org.openqa.selenium.remote.http.W3CHttpResponseCodec.decode(W3CHttpResponseCodec.java:49)
at org.openqa.selenium.remote.HttpCommandExecutor.execute(HttpCommandExecutor.java:158)
at org.openqa.selenium.remote.service.DriverCommandExecutor.execute(DriverCommandExecutor.java:83)
at org.openqa.selenium.remote.RemoteWebDriver.execute(RemoteWebDriver.java:552)
at org.openqa.selenium.remote.RemoteWebDriver.findElement(RemoteWebDriver.java:323)
at org.openqa.selenium.remote.RemoteWebDriver.findElementByXPath(RemoteWebDriver.java:428)
at org.openqa.selenium.By$ByXPath.findElement(By.java:353)
at org.openqa.selenium.remote.RemoteWebDriver.findElement(RemoteWebDriver.java:315)
at org.openqa.selenium.support.pagefactory.DefaultElementLocator.findElement(DefaultElementLocator.java:69)
at org.openqa.selenium.support.pagefactory.internal.LocatingElementHandler.invoke(LocatingElementHandler.java:38)
at com.sun.proxy.$Proxy16.sendKeys(Unknown Source)
at mainClasses.AddProductPage.AddImage(AddProductPage.java:68)
at testClasses.AddProductTest.AddImage(AddProductTest.java:17)
at java.base/java.util.ArrayList.forEach(ArrayList.java:1541)
... Removed 31 stack frames]]>
    </failure>
  </testcase> <!-- AddImage -->
  <testcase classname="testClasses.AddProductTest" name="AddTitle" time="12.681"/>
  <testcase classname="testClasses.AddProductTest" name="AddDescription" time="12.645"/>
  <testcase classname="testClasses.AddProductTest" name="AddPrice" time="15.695"/>
  <testcase classname="testClasses.AddProductTest" name="CheckAddProduct" time="0.178"/>
  <testcase classname="testClasses.EditProductTest" name="EditImage" time="15.333"/>
  <testcase classname="testClasses.EditProductTest" name="EditTitle" time="3.281"/>
  <testcase classname="testClasses.EditProductTest" name="EditDescription" time="6.283"/>
  <testcase classname="testClasses.EditProductTest" name="EditPrice" time="6.316"/>
  <testcase classname="testClasses.EditProductTest" name="CheckEditProuct" time="0.162"/>
  <testcase classname="testClasses.DeleteProductTest" name="DeleteProduct" time="15.424"/>
  <testcase classname="testClasses.PerformnaceTest" name="NavigationTiming" time="0.03"/>
  <testcase classname="testClasses.PerformnaceTest" name="ServerTiming" time="0.233">
    <failure type="java.lang.AssertionError" message="Resource load time is too long. expected [true] but found [false]">
      <![CDATA[java.lang.AssertionError: Resource load time is too long. expected [true] but found [false]
at mainClasses.PerformancePage.CheckResourseTiming(PerformancePage.java:82)
at testClasses.PerformnaceTest.ServerTiming(PerformnaceTest.java:26)
at java.base/java.util.ArrayList.forEach(ArrayList.java:1541)
... Removed 30 stack frames]]>
    </failure>
  </testcase> <!-- ServerTiming -->
  <testcase classname="testClasses.PerformnaceTest" name="ResourseTiming" time="0.212">
    <failure type="java.lang.AssertionError" message="Resource load time is too long. expected [true] but found [false]">
      <![CDATA[java.lang.AssertionError: Resource load time is too long. expected [true] but found [false]
at mainClasses.PerformancePage.CheckResourseTiming(PerformancePage.java:82)
at testClasses.PerformnaceTest.ResourseTiming(PerformnaceTest.java:35)
at java.base/java.util.ArrayList.forEach(ArrayList.java:1541)
... Removed 30 stack frames]]>
    </failure>
  </testcase> <!-- ResourseTiming -->
  <testcase classname="testClasses.TestBase" name="@AfterTest CloseDriver" time="0.0">
    <ignored/>
  </testcase> <!-- @AfterTest CloseDriver -->
  <testcase classname="testClasses.TestBase" name="@AfterTest CloseDriver" time="0.0">
    <ignored/>
  </testcase> <!-- @AfterTest CloseDriver -->
  <testcase classname="testClasses.TestBase" name="@AfterTest CloseDriver" time="0.0">
    <ignored/>
  </testcase> <!-- @AfterTest CloseDriver -->
  <testcase classname="testClasses.TestBase" name="@AfterTest CloseDriver" time="0.0">
    <ignored/>
  </testcase> <!-- @AfterTest CloseDriver -->
  <testcase classname="testClasses.TestBase" name="@AfterTest CloseDriver" time="0.0">
    <ignored/>
  </testcase> <!-- @AfterTest CloseDriver -->
  <testcase classname="testClasses.TestBase" name="@BeforeTest StartDriver" time="0.0">
    <ignored/>
  </testcase> <!-- @BeforeTest StartDriver -->
  <testcase classname="testClasses.TestBase" name="@BeforeTest StartDriver" time="0.0">
    <ignored/>
  </testcase> <!-- @BeforeTest StartDriver -->
  <testcase classname="testClasses.TestBase" name="@BeforeTest StartDriver" time="0.0">
    <ignored/>
  </testcase> <!-- @BeforeTest StartDriver -->
  <testcase classname="testClasses.TestBase" name="@BeforeTest StartDriver" time="0.0">
    <ignored/>
  </testcase> <!-- @BeforeTest StartDriver -->
  <testcase classname="testClasses.TestBase" name="@BeforeTest StartDriver" time="0.0">
    <ignored/>
  </testcase> <!-- @BeforeTest StartDriver -->
</testsuite> <!-- Regression -->
